<?xml version="1.0" encoding="UTF-8"?>
<!-- Generated by org.testng.reporters.JUnitXMLReporter -->
<testsuite ignored="0" hostname="IB-SEZ-LAP-793" failures="0" tests="4" name="Test" time="192.764" errors="0" timestamp="2021-10-26T19:06:07 IST">
  <testcase classname="im.HomepgTest" name="TC001_LaunchURL" time="3.108"/>
  <testcase classname="im.HomepgTest" name="TC002_Login" time="14.411"/>
  <testcase classname="im.AllDeviceTest" name="TC001_ClickAllDevice" time="0.088"/>
  <testcase classname="im.AllDeviceTest" name="TC002_CreateNewDevice" time="175.106"/>
</testsuite> <!-- Test -->
